<?xml version="1.0" encoding="UTF-8"?>
<testng-results ignored="0" total="1" passed="1" failed="0" skipped="0">
  <reporter-output>
  </reporter-output>
  <suite started-at="2022-11-02T17:32:52 IST" name="RegressionSuite" finished-at="2022-11-02T17:33:12 IST" duration-ms="20497">
    <groups>
    </groups>
    <test started-at="2022-11-02T17:32:52 IST" name="CRMTest" finished-at="2022-11-02T17:33:12 IST" duration-ms="20497">
      <class name="testlayer.LoginTest">
        <test-method is-config="true" signature="start()[pri:0, instance:testlayer.LoginTest@1cbbffcd]" started-at="2022-11-02T17:32:52 IST" name="start" finished-at="2022-11-02T17:32:52 IST" duration-ms="103" status="PASS">
          <reporter-output>
          </reporter-output>
        </test-method> <!-- start -->
        <test-method is-config="true" signature="setup(java.lang.String)[pri:0, instance:testlayer.LoginTest@1cbbffcd]" started-at="2022-11-02T17:32:52 IST" name="setup" finished-at="2022-11-02T17:33:04 IST" duration-ms="12335" status="PASS">
          <params>
            <param index="0">
              <value>
                <![CDATA[chrome]]>
              </value>
            </param>
          </params>
          <reporter-output>
          </reporter-output>
        </test-method> <!-- setup -->
        <test-method signature="loginAccount()[pri:0, instance:testlayer.LoginTest@1cbbffcd]" started-at="2022-11-02T17:33:04 IST" name="loginAccount" finished-at="2022-11-02T17:33:12 IST" duration-ms="8018" status="PASS">
          <reporter-output>
          </reporter-output>
        </test-method> <!-- loginAccount -->
        <test-method is-config="true" signature="closeBrowser()[pri:0, instance:testlayer.LoginTest@1cbbffcd]" started-at="2022-11-02T17:33:12 IST" name="closeBrowser" finished-at="2022-11-02T17:33:12 IST" duration-ms="0" status="PASS">
          <reporter-output>
          </reporter-output>
        </test-method> <!-- closeBrowser -->
        <test-method is-config="true" signature="stop()[pri:0, instance:testlayer.LoginTest@1cbbffcd]" started-at="2022-11-02T17:33:12 IST" name="stop" finished-at="2022-11-02T17:33:12 IST" duration-ms="1" status="PASS">
          <reporter-output>
          </reporter-output>
        </test-method> <!-- stop -->
      </class> <!-- testlayer.LoginTest -->
    </test> <!-- CRMTest -->
  </suite> <!-- RegressionSuite -->
</testng-results>
